Performing C SOURCE FILE Test CMAKE_HAVE_LIBC_PTHREAD failed with the following output:
Change Dir: /home/runner/work/OBD-II-Emulator/OBD-II-Emulator/build/CMakeFiles/CMakeTmp

Run Build Command(s):/usr/bin/make -f Makefile cmTC_d820f/fast && /usr/bin/make  -f CMakeFiles/cmTC_d820f.dir/build.make CMakeFiles/cmTC_d820f.dir/build
make[1]: Entering directory '/home/runner/work/OBD-II-Emulator/OBD-II-Emulator/build/CMakeFiles/CMakeTmp'
Building C object CMakeFiles/cmTC_d820f.dir/src.c.o
/usr/bin/cc -DCMAKE_HAVE_LIBC_PTHREAD -DcmTC_d820f_EXPORTS   -o CMakeFiles/cmTC_d820f.dir/src.c.o -c /home/runner/work/OBD-II-Emulator/OBD-II-Emulator/build/CMakeFiles/CMakeTmp/src.c
Linking C executable cmTC_d820f
/usr/local/bin/cmake -E cmake_link_script CMakeFiles/cmTC_d820f.dir/link.txt --verbose=1
/usr/bin/cc -Wl,--export-dynamic -rdynamic CMakeFiles/cmTC_d820f.dir/src.c.o -o cmTC_d820f 
/usr/bin/ld: CMakeFiles/cmTC_d820f.dir/src.c.o: in function `main':
src.c:(.text+0x46): undefined reference to `pthread_create'
/usr/bin/ld: src.c:(.text+0x52): undefined reference to `pthread_detach'
/usr/bin/ld: src.c:(.text+0x5e): undefined reference to `pthread_cancel'
/usr/bin/ld: src.c:(.text+0x6f): undefined reference to `pthread_join'
collect2: error: ld returned 1 exit status
make[1]: *** [CMakeFiles/cmTC_d820f.dir/build.make:99: cmTC_d820f] Error 1
make[1]: Leaving directory '/home/runner/work/OBD-II-Emulator/OBD-II-Emulator/build/CMakeFiles/CMakeTmp'
make: *** [Makefile:127: cmTC_d820f/fast] Error 2


Source file was:
#include <pthread.h>

static void* test_func(void* data)
{
  return data;
}

int main(void)
{
  pthread_t thread;
  pthread_create(&thread, NULL, test_func, NULL);
  pthread_detach(thread);
  pthread_cancel(thread);
  pthread_join(thread, NULL);
  pthread_atfork(NULL, NULL, NULL);
  pthread_exit(NULL);

  return 0;
}

Determining if the function pthread_create exists in the pthreads failed with the following output:
Change Dir: /home/runner/work/OBD-II-Emulator/OBD-II-Emulator/build/CMakeFiles/CMakeTmp

Run Build Command(s):/usr/bin/make -f Makefile cmTC_bf707/fast && /usr/bin/make  -f CMakeFiles/cmTC_bf707.dir/build.make CMakeFiles/cmTC_bf707.dir/build
make[1]: Entering directory '/home/runner/work/OBD-II-Emulator/OBD-II-Emulator/build/CMakeFiles/CMakeTmp'
Building C object CMakeFiles/cmTC_bf707.dir/CheckFunctionExists.c.o
/usr/bin/cc -DcmTC_bf707_EXPORTS  -DCHECK_FUNCTION_EXISTS=pthread_create -o CMakeFiles/cmTC_bf707.dir/CheckFunctionExists.c.o -c /usr/local/share/cmake-3.22/Modules/CheckFunctionExists.c
Linking C executable cmTC_bf707
/usr/local/bin/cmake -E cmake_link_script CMakeFiles/cmTC_bf707.dir/link.txt --verbose=1
/usr/bin/cc  -DCHECK_FUNCTION_EXISTS=pthread_create -Wl,--export-dynamic -rdynamic CMakeFiles/cmTC_bf707.dir/CheckFunctionExists.c.o -o cmTC_bf707  -lpthreads 
/usr/bin/ld: cannot find -lpthreads
collect2: error: ld returned 1 exit status
make[1]: *** [CMakeFiles/cmTC_bf707.dir/build.make:99: cmTC_bf707] Error 1
make[1]: Leaving directory '/home/runner/work/OBD-II-Emulator/OBD-II-Emulator/build/CMakeFiles/CMakeTmp'
make: *** [Makefile:127: cmTC_bf707/fast] Error 2



